apks/app/intermediates/manifest_merge_blame_file/devRelease/manifest-merger-blame-dev-release-report.txt
1<?xml version="1.0" encoding="utf-8"?>
2<manifest xmlns:android="http://schemas.android.com/apk/res/android"
3    package="com.plugindemo.dev"
4    android:versionCode="1"
5    android:versionName="1.0" >
6
7    <uses-sdk
8        android:minSdkVersion="19"
8-->src/main/AndroidManifest.xml
9        android:targetSdkVersion="29" />
9-->src/main/AndroidManifest.xml
10
11    <application
12        android:allowBackup="true"
12-->src/main/AndroidManifest.xml:6:9-35
13        android:appComponentFactory="androidx.core.app.CoreComponentFactory"
13-->[androidx.core:core:1.2.0] AndroidManifest.xml:24:18-86
14        android:icon="@mipmap/ic_launcher_dev"
14-->src/main/AndroidManifest.xml:7:9-34
15        android:label="@string/app_name2"
15-->src/main/AndroidManifest.xml:8:9-42
16        android:roundIcon="@mipmap/ic_launcher_dev"
16-->src/main/AndroidManifest.xml:9:9-39
17        android:supportsRtl="true"
17-->src/main/AndroidManifest.xml:10:9-35
18        android:theme="@style/AppTheme" >
18-->src/main/AndroidManifest.xml:11:9-40
19        <activity android:name="com.plugindemo.MainActivity" >
19-->src/main/AndroidManifest.xml:12:9-18:20
19-->src/main/AndroidManifest.xml:12:19-47
20            <intent-filter>
20-->src/main/AndroidManifest.xml:13:13-17:29
21                <action android:name="android.intent.action.MAIN" />
21-->src/main/AndroidManifest.xml:14:17-69
21-->src/main/AndroidManifest.xml:14:25-66
22                <action android:name="android.intent.action.VIEW" />
22-->src/main/AndroidManifest.xml:15:17-68
22-->src/main/AndroidManifest.xml:15:25-66
23
24                <category android:name="android.intent.category.LAUNCHER" />
24-->src/main/AndroidManifest.xml:16:17-77
24-->src/main/AndroidManifest.xml:16:27-74
25            </intent-filter>
26        </activity>
27    </application>
28
29</manifest>